1657092816715	geckodriver	INFO	Listening on 127.0.0.1:5727
1657092819794	mozrunner::runner	INFO	Running command: "C:\\Program Files\\Mozilla Firefox\\firefox.exe" "--marionette" "--remote-debugging-port" "5728" "--remote-allow-hosts" "localhost" "-no-remote" "-profile" "C:\\Users\\YANGSH~1\\AppData\\Local\\Temp\\rust_mozprofilevFH9rX"
1657092820678	Marionette	INFO	Marionette enabled
1657092820690	Marionette	INFO	Listening on port 5741
Read port: 5741
WebDriver BiDi listening on ws://localhost:5728
1657092820962	RemoteAgent	WARN	TLS certificate errors will be ignored for this session
console.warn: SearchSettings: "get: No settings file exists, new profile?" (new NotFoundError("Could not open the file at C:\\Users\\YANGSH~1\\AppData\\Local\\Temp\\rust_mozprofilevFH9rX\\search.json.mozlz4", (void 0)))
DevTools listening on ws://localhost:5728/devtools/browser/a2d0adb6-47db-4721-a9a4-60656e0406a1
1657093193133	Marionette	INFO	Stopped listening on port 5741
console.warn: TopSitesFeed: Failed to fetch data from Contile server: NetworkError when attempting to fetch resource.
1657344331046	geckodriver	INFO	Listening on 127.0.0.1:9978
1657344334092	mozrunner::runner	INFO	Running command: "C:\\Program Files\\Mozilla Firefox\\firefox.exe" "--marionette" "--remote-debugging-port" "9979" "--remote-allow-hosts" "localhost" "-no-remote" "-profile" "C:\\Users\\YANGSH~1\\AppData\\Local\\Temp\\rust_mozprofileQdZzu2"
1657344334920	Marionette	INFO	Marionette enabled
1657344334930	Marionette	INFO	Listening on port 9992
WebDriver BiDi listening on ws://localhost:9979
Read port: 9992
1657344335162	RemoteAgent	WARN	TLS certificate errors will be ignored for this session
console.warn: SearchSettings: "get: No settings file exists, new profile?" (new NotFoundError("Could not open the file at C:\\Users\\YANGSH~1\\AppData\\Local\\Temp\\rust_mozprofileQdZzu2\\search.json.mozlz4", (void 0)))
DevTools listening on ws://localhost:9979/devtools/browser/1d8648d2-e130-4520-8378-68a2bc630a7d
